Crawling: https://isidore.co/aquinas/summa/index.html
Crawling: https://isidore.co/aquinas/summa/FP.html
Crawling: https://isidore.co/aquinas/summa/FP/FP001.html
  Saved to: suma-teologica-latim/1-Prima-Pars/FP001.md
Crawling: https://isidore.co/aquinas/summa/X2/X2001.html
Crawling: https://isidore.co/aquinas/summa/XP.html
Crawling: https://isidore.co/aquinas/summa/XP/XP001.html
Crawling: https://isidore.co/aquinas/summa/TP/TP001.html
Error fetching https://isidore.co/aquinas/summa/TP/TP001.html: Return code 16
Crawling: https://isidore.co/aquinas/summa/X1/X1001.html
Crawling: https://isidore.co/aquinas/summa/X1.html
Crawling: https://isidore.co/aquinas/summa/X1/X1002.html
Crawling: https://isidore.co/aquinas/summa/XP/XP002.html
Crawling: https://isidore.co/aquinas/summa/XP/XP003.html
Error fetching https://isidore.co/aquinas/summa/XP/XP003.html: Return code 16
Crawling: https://isidore.co/aquinas/summa/FS.html
Crawling: https://isidore.co/aquinas/summa/FS/FS-PROLOGUE.html
Crawling: https://isidore.co/aquinas/summa/SS/SS001.html
  Saved to: suma-teologica-latim/3-Secunda-Secundae/SS001.md
Crawling: https://isidore.co/aquinas/summa/SS.html
Crawling: https://isidore.co/aquinas/summa/SS/SS-PROLOGUE.html
  Saved to: suma-teologica-latim/3-Secunda-Secundae/SS-PROLOGUE.md
Crawling: https://isidore.co/aquinas/summa/FS/FS001.html
  Saved to: suma-teologica-latim/2-Prima-Secundae/FS001.md
Crawling: https://isidore.co/aquinas/summa/FS/FS114.html
  Saved to: suma-teologica-latim/2-Prima-Secundae/FS114.md
Crawling: https://isidore.co/aquinas/summa/FS/FS113.html
  Saved to: suma-teologica-latim/2-Prima-Secundae/FS113.md
Crawling: https://isidore.co/aquinas/summa/FS/FS112.html
  Saved to: suma-teologica-latim/2-Prima-Secundae/FS112.md
Crawling: https://isidore.co/aquinas/summa/FS/FS111.html
  Saved to: suma-teologica-latim/2-Prima-Secundae/FS111.md
Crawling: https://isidore.co/aquinas/summa/FS/FS110.html
  Saved to: suma-teologica-latim/2-Prima-Secundae/FS110.md
Crawling: https://isidore.co/aquinas/summa/FS/FS109.html
  Saved to: suma-teologica-latim/2-Prima-Secundae/FS109.md
Crawling: https://isidore.co/aquinas/summa/FS/FS108.html
  Saved to: suma-teologica-latim/2-Prima-Secundae/FS108.md
Crawling: https://isidore.co/aquinas/summa/FS/FS107.html
  Saved to: suma-teologica-latim/2-Prima-Secundae/FS107.md
Crawling: https://isidore.co/aquinas/summa/FS/FS106.html
  Saved to: suma-teologica-latim/2-Prima-Secundae/FS106.md
Crawling: https://isidore.co/aquinas/summa/FS/FS105.html
  Saved to: suma-teologica-latim/2-Prima-Secundae/FS105.md
Crawling: https://isidore.co/aquinas/summa/FS/FS104.html
Error fetching https://isidore.co/aquinas/summa/FS/FS104.html: Return code 16
Crawling: https://isidore.co/aquinas/summa/FS/FS100.html
  Saved to: suma-teologica-latim/2-Prima-Secundae/FS100.md
Crawling: https://isidore.co/aquinas/summa/FS/FS099.html
  Saved to: suma-teologica-latim/2-Prima-Secundae/FS099.md
Crawling: https://isidore.co/aquinas/summa/FS/FS098.html
  Saved to: suma-teologica-latim/2-Prima-Secundae/FS098.md
Crawling: https://isidore.co/aquinas/summa/FS/FS097.html
  Saved to: suma-teologica-latim/2-Prima-Secundae/FS097.md
Crawling: https://isidore.co/aquinas/summa/FS/FS096.html
  Saved to: suma-teologica-latim/2-Prima-Secundae/FS096.md
Crawling: https://isidore.co/aquinas/summa/FS/FS095.html
  Saved to: suma-teologica-latim/2-Prima-Secundae/FS095.md
Crawling: https://isidore.co/aquinas/summa/FS/FS094.html
  Saved to: suma-teologica-latim/2-Prima-Secundae/FS094.md
Crawling: https://isidore.co/aquinas/summa/FS/FS093.html
  Saved to: suma-teologica-latim/2-Prima-Secundae/FS093.md
Crawling: https://isidore.co/aquinas/summa/FS/FS092.html
  Saved to: suma-teologica-latim/2-Prima-Secundae/FS092.md
Crawling: https://isidore.co/aquinas/summa/FS/FS091.html
  Saved to: suma-teologica-latim/2-Prima-Secundae/FS091.md
Crawling: https://isidore.co/aquinas/summa/FS/FS090.html
  Saved to: suma-teologica-latim/2-Prima-Secundae/FS090.md
Crawling: https://isidore.co/aquinas/summa/FS/FS089.html
Error fetching https://isidore.co/aquinas/summa/FS/FS089.html: Return code 16
Crawling: https://isidore.co/aquinas/summa/FS/FS057.html
  Saved to: suma-teologica-latim/2-Prima-Secundae/FS057.md
Crawling: https://isidore.co/aquinas/summa/FS/FS056.html
  Saved to: suma-teologica-latim/2-Prima-Secundae/FS056.md
Crawling: https://isidore.co/aquinas/summa/FS/FS055.html
  Saved to: suma-teologica-latim/2-Prima-Secundae/FS055.md
Crawling: https://isidore.co/aquinas/summa/FS/FS054.html
  Saved to: suma-teologica-latim/2-Prima-Secundae/FS054.md
Crawling: https://isidore.co/aquinas/summa/FS/FS053.html
Error fetching https://isidore.co/aquinas/summa/FS/FS053.html: Return code 16
Crawling: https://isidore.co/aquinas/summa/FS/FS049.html
  Saved to: suma-teologica-latim/2-Prima-Secundae/FS049.md
Crawling: https://isidore.co/aquinas/summa/FS/FS048.html
  Saved to: suma-teologica-latim/2-Prima-Secundae/FS048.md
Crawling: https://isidore.co/aquinas/summa/FS/FS047.html
  Saved to: suma-teologica-latim/2-Prima-Secundae/FS047.md
Crawling: https://isidore.co/aquinas/summa/FS/FS046.html
  Saved to: suma-teologica-latim/2-Prima-Secundae/FS046.md
Crawling: https://isidore.co/aquinas/summa/FS/FS045.html
  Saved to: suma-teologica-latim/2-Prima-Secundae/FS045.md
Crawling: https://isidore.co/aquinas/summa/FS/FS044.html
  Saved to: suma-teologica-latim/2-Prima-Secundae/FS044.md
Crawling: https://isidore.co/aquinas/summa/FS/FS043.html
Error fetching https://isidore.co/aquinas/summa/FS/FS043.html: Return code 16
Crawling: https://isidore.co/aquinas/summa/FS/FS041.html
  Saved to: suma-teologica-latim/2-Prima-Secundae/FS041.md
Crawling: https://isidore.co/aquinas/summa/FS/FS040.html
  Saved to: suma-teologica-latim/2-Prima-Secundae/FS040.md
Crawling: https://isidore.co/aquinas/summa/FS/FS039.html
  Saved to: suma-teologica-latim/2-Prima-Secundae/FS039.md
Crawling: https://isidore.co/aquinas/summa/FS/FS038.html
Error fetching https://isidore.co/aquinas/summa/FS/FS038.html: Return code 56
Crawling: https://isidore.co/aquinas/summa/FS/FS006.html
  Saved to: suma-teologica-latim/2-Prima-Secundae/FS006.md
Crawling: https://isidore.co/aquinas/summa/FS/FS005.html
Crawling: https://isidore.co/aquinas/summa/FS/FS004.html
  Saved to: suma-teologica-latim/2-Prima-Secundae/FS004.md
Crawling: https://isidore.co/aquinas/summa/FS/FS003.html
Error fetching https://isidore.co/aquinas/summa/FS/FS003.html: Return code 16
Crawling: https://isidore.co/aquinas/summa/FS/FS002.html
Error fetching https://isidore.co/aquinas/summa/FS/FS002.html: Return code 16
Crawling: https://isidore.co/aquinas/summa/SS/SS082.html
  Saved to: suma-teologica-latim/3-Secunda-Secundae/SS082.md
Crawling: https://isidore.co/aquinas/summa/SS/SS081.html
  Saved to: suma-teologica-latim/3-Secunda-Secundae/SS081.md
Crawling: https://isidore.co/aquinas/summa/SS/SS080.html
  Saved to: suma-teologica-latim/3-Secunda-Secundae/SS080.md
Crawling: https://isidore.co/aquinas/summa/SS/SS079.html
  Saved to: suma-teologica-latim/3-Secunda-Secundae/SS079.md
Crawling: https://isidore.co/aquinas/summa/SS/SS078.html
  Saved to: suma-teologica-latim/3-Secunda-Secundae/SS078.md
Crawling: https://isidore.co/aquinas/summa/SS/SS077.html
  Saved to: suma-teologica-latim/3-Secunda-Secundae/SS077.md
Crawling: https://isidore.co/aquinas/summa/SS/SS076.html
  Saved to: suma-teologica-latim/3-Secunda-Secundae/SS076.md
Crawling: https://isidore.co/aquinas/summa/SS/SS075.html
  Saved to: suma-teologica-latim/3-Secunda-Secundae/SS075.md
Crawling: https://isidore.co/aquinas/summa/SS/SS074.html
  Saved to: suma-teologica-latim/3-Secunda-Secundae/SS074.md
Crawling: https://isidore.co/aquinas/summa/SS/SS073.html
  Saved to: suma-teologica-latim/3-Secunda-Secundae/SS073.md
Crawling: https://isidore.co/aquinas/summa/SS/SS072.html
  Saved to: suma-teologica-latim/3-Secunda-Secundae/SS072.md
Crawling: https://isidore.co/aquinas/summa/SS/SS071.html
  Saved to: suma-teologica-latim/3-Secunda-Secundae/SS071.md
Crawling: https://isidore.co/aquinas/summa/SS/SS070.html
  Saved to: suma-teologica-latim/3-Secunda-Secundae/SS070.md
Crawling: https://isidore.co/aquinas/summa/SS/SS069.html
  Saved to: suma-teologica-latim/3-Secunda-Secundae/SS069.md
Crawling: https://isidore.co/aquinas/summa/SS/SS068.html
  Saved to: suma-teologica-latim/3-Secunda-Secundae/SS068.md
Crawling: https://isidore.co/aquinas/summa/SS/SS067.html
  Saved to: suma-teologica-latim/3-Secunda-Secundae/SS067.md
Crawling: https://isidore.co/aquinas/summa/SS/SS066.html
  Saved to: suma-teologica-latim/3-Secunda-Secundae/SS066.md
Crawling: https://isidore.co/aquinas/summa/SS/SS065.html
  Saved to: suma-teologica-latim/3-Secunda-Secundae/SS065.md
Crawling: https://isidore.co/aquinas/summa/SS/SS064.html
  Saved to: suma-teologica-latim/3-Secunda-Secundae/SS064.md
Crawling: https://isidore.co/aquinas/summa/SS/SS063.html
  Saved to: suma-teologica-latim/3-Secunda-Secundae/SS063.md
Crawling: https://isidore.co/aquinas/summa/SS/SS062.html
Error fetching https://isidore.co/aquinas/summa/SS/SS062.html: Return code 16
Crawling: https://isidore.co/aquinas/summa/SS/SS060.html
  Saved to: suma-teologica-latim/3-Secunda-Secundae/SS060.md
Crawling: https://isidore.co/aquinas/summa/SS/SS059.html
  Saved to: suma-teologica-latim/3-Secunda-Secundae/SS059.md
Crawling: https://isidore.co/aquinas/summa/SS/SS058.html
  Saved to: suma-teologica-latim/3-Secunda-Secundae/SS058.md
Crawling: https://isidore.co/aquinas/summa/SS/SS057.html
  Saved to: suma-teologica-latim/3-Secunda-Secundae/SS057.md
Crawling: https://isidore.co/aquinas/summa/SS/SS056.html
  Saved to: suma-teologica-latim/3-Secunda-Secundae/SS056.md
Crawling: https://isidore.co/aquinas/summa/SS/SS055.html
  Saved to: suma-teologica-latim/3-Secunda-Secundae/SS055.md
Crawling: https://isidore.co/aquinas/summa/SS/SS054.html
  Saved to: suma-teologica-latim/3-Secunda-Secundae/SS054.md
Crawling: https://isidore.co/aquinas/summa/SS/SS053.html
  Saved to: suma-teologica-latim/3-Secunda-Secundae/SS053.md
Crawling: https://isidore.co/aquinas/summa/SS/SS052.html
  Saved to: suma-teologica-latim/3-Secunda-Secundae/SS052.md
Crawling: https://isidore.co/aquinas/summa/SS/SS051.html
  Saved to: suma-teologica-latim/3-Secunda-Secundae/SS051.md
Crawling: https://isidore.co/aquinas/summa/SS/SS050.html
  Saved to: suma-teologica-latim/3-Secunda-Secundae/SS050.md
Crawling: https://isidore.co/aquinas/summa/SS/SS049.html
  Saved to: suma-teologica-latim/3-Secunda-Secundae/SS049.md
Crawling: https://isidore.co/aquinas/summa/SS/SS048.html
  Saved to: suma-teologica-latim/3-Secunda-Secundae/SS048.md
Crawling: https://isidore.co/aquinas/summa/SS/SS047.html
  Saved to: suma-teologica-latim/3-Secunda-Secundae/SS047.md
Crawling: https://isidore.co/aquinas/summa/SS/SS046.html
  Saved to: suma-teologica-latim/3-Secunda-Secundae/SS046.md
Crawling: https://isidore.co/aquinas/summa/SS/SS045.html
  Saved to: suma-teologica-latim/3-Secunda-Secundae/SS045.md
Crawling: https://isidore.co/aquinas/summa/SS/SS044.html
  Saved to: suma-teologica-latim/3-Secunda-Secundae/SS044.md
Crawling: https://isidore.co/aquinas/summa/SS/SS043.html
  Saved to: suma-teologica-latim/3-Secunda-Secundae/SS043.md
Crawling: https://isidore.co/aquinas/summa/SS/SS042.html
  Saved to: suma-teologica-latim/3-Secunda-Secundae/SS042.md
Crawling: https://isidore.co/aquinas/summa/SS/SS041.html
  Saved to: suma-teologica-latim/3-Secunda-Secundae/SS041.md
Crawling: https://isidore.co/aquinas/summa/SS/SS040.html
  Saved to: suma-teologica-latim/3-Secunda-Secundae/SS040.md
Crawling: https://isidore.co/aquinas/summa/SS/SS039.html
  Saved to: suma-teologica-latim/3-Secunda-Secundae/SS039.md
Crawling: https://isidore.co/aquinas/summa/SS/SS038.html
  Saved to: suma-teologica-latim/3-Secunda-Secundae/SS038.md
Crawling: https://isidore.co/aquinas/summa/SS/SS037.html
  Saved to: suma-teologica-latim/3-Secunda-Secundae/SS037.md
Crawling: https://isidore.co/aquinas/summa/SS/SS036.html
  Saved to: suma-teologica-latim/3-Secunda-Secundae/SS036.md
Crawling: https://isidore.co/aquinas/summa/SS/SS035.html
  Saved to: suma-teologica-latim/3-Secunda-Secundae/SS035.md
Crawling: https://isidore.co/aquinas/summa/SS/SS034.html
  Saved to: suma-teologica-latim/3-Secunda-Secundae/SS034.md
Crawling: https://isidore.co/aquinas/summa/SS/SS033.html
  Saved to: suma-teologica-latim/3-Secunda-Secundae/SS033.md
Crawling: https://isidore.co/aquinas/summa/SS/SS032.html
  Saved to: suma-teologica-latim/3-Secunda-Secundae/SS032.md
Crawling: https://isidore.co/aquinas/summa/SS/SS031.html
  Saved to: suma-teologica-latim/3-Secunda-Secundae/SS031.md
Crawling: https://isidore.co/aquinas/summa/SS/SS030.html
  Saved to: suma-teologica-latim/3-Secunda-Secundae/SS030.md
Crawling: https://isidore.co/aquinas/summa/SS/SS029.html
  Saved to: suma-teologica-latim/3-Secunda-Secundae/SS029.md
Crawling: https://isidore.co/aquinas/summa/SS/SS028.html
  Saved to: suma-teologica-latim/3-Secunda-Secundae/SS028.md
Crawling: https://isidore.co/aquinas/summa/SS/SS027.html
  Saved to: suma-teologica-latim/3-Secunda-Secundae/SS027.md
Crawling: https://isidore.co/aquinas/summa/SS/SS026.html
  Saved to: suma-teologica-latim/3-Secunda-Secundae/SS026.md
Crawling: https://isidore.co/aquinas/summa/SS/SS025.html
  Saved to: suma-teologica-latim/3-Secunda-Secundae/SS025.md
Crawling: https://isidore.co/aquinas/summa/SS/SS024.html
Crawling: https://isidore.co/aquinas/summa/SS/SS023.html
Crawling: https://isidore.co/aquinas/summa/SS/SS022.html
Crawling: https://isidore.co/aquinas/summa/SS/SS021.html
Crawling: https://isidore.co/aquinas/summa/SS/SS020.html
Crawling: https://isidore.co/aquinas/summa/SS/SS019.html
Crawling: https://isidore.co/aquinas/summa/SS/SS018.html
  Saved to: suma-teologica-latim/3-Secunda-Secundae/SS018.md
Crawling: https://isidore.co/aquinas/summa/SS/SS017.html
  Saved to: suma-teologica-latim/3-Secunda-Secundae/SS017.md
Crawling: https://isidore.co/aquinas/summa/SS/SS016.html
  Saved to: suma-teologica-latim/3-Secunda-Secundae/SS016.md
Crawling: https://isidore.co/aquinas/summa/SS/SS015.html
  Saved to: suma-teologica-latim/3-Secunda-Secundae/SS015.md
Crawling: https://isidore.co/aquinas/summa/SS/SS014.html
  Saved to: suma-teologica-latim/3-Secunda-Secundae/SS014.md
Crawling: https://isidore.co/aquinas/summa/SS/SS013.html
  Saved to: suma-teologica-latim/3-Secunda-Secundae/SS013.md
Crawling: https://isidore.co/aquinas/summa/SS/SS012.html
Error fetching https://isidore.co/aquinas/summa/SS/SS012.html: Return code 16
Crawling: https://isidore.co/aquinas/summa/FS/FS074.html
  Saved to: suma-teologica-latim/2-Prima-Secundae/FS074.md
Crawling: https://isidore.co/aquinas/summa/FS/FS073.html
  Saved to: suma-teologica-latim/2-Prima-Secundae/FS073.md
Crawling: https://isidore.co/aquinas/summa/FS/FS072.html
  Saved to: suma-teologica-latim/2-Prima-Secundae/FS072.md
Crawling: https://isidore.co/aquinas/summa/FS/FS071.html
  Saved to: suma-teologica-latim/2-Prima-Secundae/FS071.md
Crawling: https://isidore.co/aquinas/summa/FS/FS070.html
  Saved to: suma-teologica-latim/2-Prima-Secundae/FS070.md
Crawling: https://isidore.co/aquinas/summa/FS/FS069.html
  Saved to: suma-teologica-latim/2-Prima-Secundae/FS069.md
Crawling: https://isidore.co/aquinas/summa/FS/FS068.html
  Saved to: suma-teologica-latim/2-Prima-Secundae/FS068.md
Crawling: https://isidore.co/aquinas/summa/FS/FS067.html
  Saved to: suma-teologica-latim/2-Prima-Secundae/FS067.md
Crawling: https://isidore.co/aquinas/summa/FS/FS066.html
  Saved to: suma-teologica-latim/2-Prima-Secundae/FS066.md
Crawling: https://isidore.co/aquinas/summa/FS/FS065.html
  Saved to: suma-teologica-latim/2-Prima-Secundae/FS065.md
Crawling: https://isidore.co/aquinas/summa/FS/FS064.html
  Saved to: suma-teologica-latim/2-Prima-Secundae/FS064.md
Crawling: https://isidore.co/aquinas/summa/FS/FS063.html
  Saved to: suma-teologica-latim/2-Prima-Secundae/FS063.md
Crawling: https://isidore.co/aquinas/summa/FS/FS062.html
  Saved to: suma-teologica-latim/2-Prima-Secundae/FS062.md
Crawling: https://isidore.co/aquinas/summa/FS/FS061.html
  Saved to: suma-teologica-latim/2-Prima-Secundae/FS061.md
Crawling: https://isidore.co/aquinas/summa/FS/FS060.html
  Saved to: suma-teologica-latim/2-Prima-Secundae/FS060.md
Crawling: https://isidore.co/aquinas/summa/FS/FS059.html
  Saved to: suma-teologica-latim/2-Prima-Secundae/FS059.md
Crawling: https://isidore.co/aquinas/summa/FS/FS058.html
Error fetching https://isidore.co/aquinas/summa/FS/FS058.html: Return code 16
Crawling: https://isidore.co/aquinas/summa/FS/FS035.html
  Saved to: suma-teologica-latim/2-Prima-Secundae/FS035.md
Crawling: https://isidore.co/aquinas/summa/FS/FS034.html
  Saved to: suma-teologica-latim/2-Prima-Secundae/FS034.md
Crawling: https://isidore.co/aquinas/summa/FS/FS033.html
  Saved to: suma-teologica-latim/2-Prima-Secundae/FS033.md
Crawling: https://isidore.co/aquinas/summa/FS/FS032.html
  Saved to: suma-teologica-latim/2-Prima-Secundae/FS032.md
Crawling: https://isidore.co/aquinas/summa/FS/FS031.html
  Saved to: suma-teologica-latim/2-Prima-Secundae/FS031.md
Crawling: https://isidore.co/aquinas/summa/FS/FS030.html
  Saved to: suma-teologica-latim/2-Prima-Secundae/FS030.md
Crawling: https://isidore.co/aquinas/summa/FS/FS029.html
  Saved to: suma-teologica-latim/2-Prima-Secundae/FS029.md
Crawling: https://isidore.co/aquinas/summa/FS/FS028.html
  Saved to: suma-teologica-latim/2-Prima-Secundae/FS028.md
Crawling: https://isidore.co/aquinas/summa/FS/FS027.html
  Saved to: suma-teologica-latim/2-Prima-Secundae/FS027.md
Crawling: https://isidore.co/aquinas/summa/FS/FS026.html
  Saved to: suma-teologica-latim/2-Prima-Secundae/FS026.md
Crawling: https://isidore.co/aquinas/summa/FS/FS025.html
  Saved to: suma-teologica-latim/2-Prima-Secundae/FS025.md
Crawling: https://isidore.co/aquinas/summa/FS/FS024.html
  Saved to: suma-teologica-latim/2-Prima-Secundae/FS024.md
Crawling: https://isidore.co/aquinas/summa/FS/FS023.html
  Saved to: suma-teologica-latim/2-Prima-Secundae/FS023.md
Crawling: https://isidore.co/aquinas/summa/FS/FS022.html
  Saved to: suma-teologica-latim/2-Prima-Secundae/FS022.md
Crawling: https://isidore.co/aquinas/summa/FS/FS021.html
  Saved to: suma-teologica-latim/2-Prima-Secundae/FS021.md
Crawling: https://isidore.co/aquinas/summa/FS/FS020.html
  Saved to: suma-teologica-latim/2-Prima-Secundae/FS020.md
Crawling: https://isidore.co/aquinas/summa/FS/FS019.html
  Saved to: suma-teologica-latim/2-Prima-Secundae/FS019.md
Crawling: https://isidore.co/aquinas/summa/FS/FS018.html
  Saved to: suma-teologica-latim/2-Prima-Secundae/FS018.md
Crawling: https://isidore.co/aquinas/summa/FS/FS017.html
  Saved to: suma-teologica-latim/2-Prima-Secundae/FS017.md
Crawling: https://isidore.co/aquinas/summa/FS/FS016.html
Error fetching https://isidore.co/aquinas/summa/FS/FS016.html: Return code 16
Crawling: https://isidore.co/aquinas/summa/FS/FS009.html
  Saved to: suma-teologica-latim/2-Prima-Secundae/FS009.md
Crawling: https://isidore.co/aquinas/summa/FS/FS008.html
  Saved to: suma-teologica-latim/2-Prima-Secundae/FS008.md
Crawling: https://isidore.co/aquinas/summa/FS/FS007.html
  Saved to: suma-teologica-latim/2-Prima-Secundae/FS007.md
Crawling: https://isidore.co/aquinas/summa/FS/FS010.html
  Saved to: suma-teologica-latim/2-Prima-Secundae/FS010.md
Crawling: https://isidore.co/aquinas/summa/FS/FS011.html
  Saved to: suma-teologica-latim/2-Prima-Secundae/FS011.md
Crawling: https://isidore.co/aquinas/summa/FS/FS012.html
  Saved to: suma-teologica-latim/2-Prima-Secundae/FS012.md
Crawling: https://isidore.co/aquinas/summa/FS/FS013.html
Error fetching https://isidore.co/aquinas/summa/FS/FS013.html: Return code 16
Crawling: https://isidore.co/aquinas/summa/FS/FS084.html
  Saved to: suma-teologica-latim/2-Prima-Secundae/FS084.md
Crawling: https://isidore.co/aquinas/summa/FS/FS083.html
  Saved to: suma-teologica-latim/2-Prima-Secundae/FS083.md
Crawling: https://isidore.co/aquinas/summa/FS/FS082.html
  Saved to: suma-teologica-latim/2-Prima-Secundae/FS082.md
Crawling: https://isidore.co/aquinas/summa/FS/FS081.html
  Saved to: suma-teologica-latim/2-Prima-Secundae/FS081.md
Crawling: https://isidore.co/aquinas/summa/FS/FS080.html
  Saved to: suma-teologica-latim/2-Prima-Secundae/FS080.md
Crawling: https://isidore.co/aquinas/summa/FS/FS079.html
  Saved to: suma-teologica-latim/2-Prima-Secundae/FS079.md
Crawling: https://isidore.co/aquinas/summa/FS/FS078.html
  Saved to: suma-teologica-latim/2-Prima-Secundae/FS078.md
Crawling: https://isidore.co/aquinas/summa/FS/FS077.html
  Saved to: suma-teologica-latim/2-Prima-Secundae/FS077.md
Crawling: https://isidore.co/aquinas/summa/FS/FS076.html
  Saved to: suma-teologica-latim/2-Prima-Secundae/FS076.md
Crawling: https://isidore.co/aquinas/summa/FS/FS075.html
  Saved to: suma-teologica-latim/2-Prima-Secundae/FS075.md
Crawling: https://isidore.co/aquinas/summa/SS/SS162.html
  Saved to: suma-teologica-latim/3-Secunda-Secundae/SS162.md
Crawling: https://isidore.co/aquinas/summa/SS/SS161.html
  Saved to: suma-teologica-latim/3-Secunda-Secundae/SS161.md
Crawling: https://isidore.co/aquinas/summa/SS/SS160.html
  Saved to: suma-teologica-latim/3-Secunda-Secundae/SS160.md
Crawling: https://isidore.co/aquinas/summa/SS/SS159.html
  Saved to: suma-teologica-latim/3-Secunda-Secundae/SS159.md
Crawling: https://isidore.co/aquinas/summa/SS/SS158.html
  Saved to: suma-teologica-latim/3-Secunda-Secundae/SS158.md
Crawling: https://isidore.co/aquinas/summa/SS/SS157.html
  Saved to: suma-teologica-latim/3-Secunda-Secundae/SS157.md
Crawling: https://isidore.co/aquinas/summa/SS/SS156.html
  Saved to: suma-teologica-latim/3-Secunda-Secundae/SS156.md
Crawling: https://isidore.co/aquinas/summa/SS/SS155.html
  Saved to: suma-teologica-latim/3-Secunda-Secundae/SS155.md
Crawling: https://isidore.co/aquinas/summa/SS/SS154.html
  Saved to: suma-teologica-latim/3-Secunda-Secundae/SS154.md
Crawling: https://isidore.co/aquinas/summa/SS/SS153.html
  Saved to: suma-teologica-latim/3-Secunda-Secundae/SS153.md
Crawling: https://isidore.co/aquinas/summa/SS/SS152.html
  Saved to: suma-teologica-latim/3-Secunda-Secundae/SS152.md
Crawling: https://isidore.co/aquinas/summa/SS/SS151.html
  Saved to: suma-teologica-latim/3-Secunda-Secundae/SS151.md
Crawling: https://isidore.co/aquinas/summa/SS/SS150.html
  Saved to: suma-teologica-latim/3-Secunda-Secundae/SS150.md
Crawling: https://isidore.co/aquinas/summa/SS/SS149.html
  Saved to: suma-teologica-latim/3-Secunda-Secundae/SS149.md
Crawling: https://isidore.co/aquinas/summa/SS/SS148.html
  Saved to: suma-teologica-latim/3-Secunda-Secundae/SS148.md
Crawling: https://isidore.co/aquinas/summa/SS/SS147.html
Error fetching https://isidore.co/aquinas/summa/SS/SS147.html: Return code 16
Crawling: https://isidore.co/aquinas/summa/SS/SS132.html
  Saved to: suma-teologica-latim/3-Secunda-Secundae/SS132.md
Crawling: https://isidore.co/aquinas/summa/SS/SS131.html
  Saved to: suma-teologica-latim/3-Secunda-Secundae/SS131.md
Crawling: https://isidore.co/aquinas/summa/SS/SS130.html
  Saved to: suma-teologica-latim/3-Secunda-Secundae/SS130.md
Crawling: https://isidore.co/aquinas/summa/SS/SS129.html
  Saved to: suma-teologica-latim/3-Secunda-Secundae/SS129.md
Crawling: https://isidore.co/aquinas/summa/SS/SS128.html
  Saved to: suma-teologica-latim/3-Secunda-Secundae/SS128.md
Crawling: https://isidore.co/aquinas/summa/SS/SS127.html
  Saved to: suma-teologica-latim/3-Secunda-Secundae/SS127.md
Crawling: https://isidore.co/aquinas/summa/SS/SS126.html
  Saved to: suma-teologica-latim/3-Secunda-Secundae/SS126.md
Crawling: https://isidore.co/aquinas/summa/SS/SS125.html
  Saved to: suma-teologica-latim/3-Secunda-Secundae/SS125.md
Crawling: https://isidore.co/aquinas/summa/SS/SS124.html
  Saved to: suma-teologica-latim/3-Secunda-Secundae/SS124.md
Crawling: https://isidore.co/aquinas/summa/SS/SS123.html
  Saved to: suma-teologica-latim/3-Secunda-Secundae/SS123.md
Crawling: https://isidore.co/aquinas/summa/SS/SS122.html
  Saved to: suma-teologica-latim/3-Secunda-Secundae/SS122.md
Crawling: https://isidore.co/aquinas/summa/SS/SS121.html
  Saved to: suma-teologica-latim/3-Secunda-Secundae/SS121.md
Crawling: https://isidore.co/aquinas/summa/SS/SS120.html
  Saved to: suma-teologica-latim/3-Secunda-Secundae/SS120.md
Crawling: https://isidore.co/aquinas/summa/SS/SS119.html
  Saved to: suma-teologica-latim/3-Secunda-Secundae/SS119.md
Crawling: https://isidore.co/aquinas/summa/SS/SS118.html
  Saved to: suma-teologica-latim/3-Secunda-Secundae/SS118.md
Crawling: https://isidore.co/aquinas/summa/SS/SS117.html
  Saved to: suma-teologica-latim/3-Secunda-Secundae/SS117.md
Crawling: https://isidore.co/aquinas/summa/SS/SS116.html
Crawling: https://isidore.co/aquinas/summa/SS/SS115.html
Crawling: https://isidore.co/aquinas/summa/SS/SS114.html
  Saved to: suma-teologica-latim/3-Secunda-Secundae/SS114.md
Crawling: https://isidore.co/aquinas/summa/SS/SS113.html
  Saved to: suma-teologica-latim/3-Secunda-Secundae/SS113.md
Crawling: https://isidore.co/aquinas/summa/SS/SS112.html
  Saved to: suma-teologica-latim/3-Secunda-Secundae/SS112.md
Crawling: https://isidore.co/aquinas/summa/SS/SS111.html
  Saved to: suma-teologica-latim/3-Secunda-Secundae/SS111.md
Crawling: https://isidore.co/aquinas/summa/SS/SS110.html
Crawling: https://isidore.co/aquinas/summa/SS/SS109.html
  Saved to: suma-teologica-latim/3-Secunda-Secundae/SS109.md
Crawling: https://isidore.co/aquinas/summa/SS/SS108.html
  Saved to: suma-teologica-latim/3-Secunda-Secundae/SS108.md
Crawling: https://isidore.co/aquinas/summa/SS/SS107.html
  Saved to: suma-teologica-latim/3-Secunda-Secundae/SS107.md
Crawling: https://isidore.co/aquinas/summa/SS/SS106.html
  Saved to: suma-teologica-latim/3-Secunda-Secundae/SS106.md
Crawling: https://isidore.co/aquinas/summa/SS/SS105.html
  Saved to: suma-teologica-latim/3-Secunda-Secundae/SS105.md
Crawling: https://isidore.co/aquinas/summa/SS/SS104.html
  Saved to: suma-teologica-latim/3-Secunda-Secundae/SS104.md
Crawling: https://isidore.co/aquinas/summa/SS/SS103.html
Crawling: https://isidore.co/aquinas/summa/SS/SS102.html
  Saved to: suma-teologica-latim/3-Secunda-Secundae/SS102.md
Crawling: https://isidore.co/aquinas/summa/SS/SS101.html
  Saved to: suma-teologica-latim/3-Secunda-Secundae/SS101.md
Crawling: https://isidore.co/aquinas/summa/SS/SS100.html
  Saved to: suma-teologica-latim/3-Secunda-Secundae/SS100.md
Crawling: https://isidore.co/aquinas/summa/SS/SS099.html
  Saved to: suma-teologica-latim/3-Secunda-Secundae/SS099.md
Crawling: https://isidore.co/aquinas/summa/SS/SS098.html
  Saved to: suma-teologica-latim/3-Secunda-Secundae/SS098.md
Crawling: https://isidore.co/aquinas/summa/SS/SS097.html
  Saved to: suma-teologica-latim/3-Secunda-Secundae/SS097.md
Crawling: https://isidore.co/aquinas/summa/SS/SS096.html
  Saved to: suma-teologica-latim/3-Secunda-Secundae/SS096.md
Crawling: https://isidore.co/aquinas/summa/SS/SS095.html
  Saved to: suma-teologica-latim/3-Secunda-Secundae/SS095.md
Crawling: https://isidore.co/aquinas/summa/SS/SS094.html
  Saved to: suma-teologica-latim/3-Secunda-Secundae/SS094.md
Crawling: https://isidore.co/aquinas/summa/SS/SS093.html
  Saved to: suma-teologica-latim/3-Secunda-Secundae/SS093.md
Crawling: https://isidore.co/aquinas/summa/SS/SS092.html
  Saved to: suma-teologica-latim/3-Secunda-Secundae/SS092.md
Crawling: https://isidore.co/aquinas/summa/SS/SS091.html
  Saved to: suma-teologica-latim/3-Secunda-Secundae/SS091.md
Crawling: https://isidore.co/aquinas/summa/SS/SS090.html
  Saved to: suma-teologica-latim/3-Secunda-Secundae/SS090.md
Crawling: https://isidore.co/aquinas/summa/SS/SS089.html
  Saved to: suma-teologica-latim/3-Secunda-Secundae/SS089.md
Crawling: https://isidore.co/aquinas/summa/SS/SS088.html
  Saved to: suma-teologica-latim/3-Secunda-Secundae/SS088.md
Crawling: https://isidore.co/aquinas/summa/SS/SS087.html
  Saved to: suma-teologica-latim/3-Secunda-Secundae/SS087.md
Crawling: https://isidore.co/aquinas/summa/SS/SS086.html
  Saved to: suma-teologica-latim/3-Secunda-Secundae/SS086.md
Crawling: https://isidore.co/aquinas/summa/SS/SS085.html
  Saved to: suma-teologica-latim/3-Secunda-Secundae/SS085.md
Crawling: https://isidore.co/aquinas/summa/SS/SS084.html
  Saved to: suma-teologica-latim/3-Secunda-Secundae/SS084.md
Crawling: https://isidore.co/aquinas/summa/SS/SS083.html
  Saved to: suma-teologica-latim/3-Secunda-Secundae/SS083.md
Crawling: https://isidore.co/aquinas/summa/FP/FP082.html
  Saved to: suma-teologica-latim/1-Prima-Pars/FP082.md
Crawling: https://isidore.co/aquinas/summa/FP/FP081.html
  Saved to: suma-teologica-latim/1-Prima-Pars/FP081.md
Crawling: https://isidore.co/aquinas/summa/FP/FP080.html
  Saved to: suma-teologica-latim/1-Prima-Pars/FP080.md
Crawling: https://isidore.co/aquinas/summa/FP/FP079.html
  Saved to: suma-teologica-latim/1-Prima-Pars/FP079.md
Crawling: https://isidore.co/aquinas/summa/FP/FP078.html
  Saved to: suma-teologica-latim/1-Prima-Pars/FP078.md
Crawling: https://isidore.co/aquinas/summa/FP/FP077.html
  Saved to: suma-teologica-latim/1-Prima-Pars/FP077.md
Crawling: https://isidore.co/aquinas/summa/FP/FP076.html
  Saved to: suma-teologica-latim/1-Prima-Pars/FP076.md
Crawling: https://isidore.co/aquinas/summa/FP/FP075.html
  Saved to: suma-teologica-latim/1-Prima-Pars/FP075.md
Crawling: https://isidore.co/aquinas/summa/FP/FP074.html
  Saved to: suma-teologica-latim/1-Prima-Pars/FP074.md
Crawling: https://isidore.co/aquinas/summa/FP/FP073.html
  Saved to: suma-teologica-latim/1-Prima-Pars/FP073.md
Crawling: https://isidore.co/aquinas/summa/FP/FP072.html
  Saved to: suma-teologica-latim/1-Prima-Pars/FP072.md
Crawling: https://isidore.co/aquinas/summa/FP/FP071.html
  Saved to: suma-teologica-latim/1-Prima-Pars/FP071.md
Crawling: https://isidore.co/aquinas/summa/FP/FP070.html
  Saved to: suma-teologica-latim/1-Prima-Pars/FP070.md
Crawling: https://isidore.co/aquinas/summa/FP/FP069.html
  Saved to: suma-teologica-latim/1-Prima-Pars/FP069.md
Crawling: https://isidore.co/aquinas/summa/FP/FP068.html
  Saved to: suma-teologica-latim/1-Prima-Pars/FP068.md
Crawling: https://isidore.co/aquinas/summa/FP/FP067.html
  Saved to: suma-teologica-latim/1-Prima-Pars/FP067.md
Crawling: https://isidore.co/aquinas/summa/FP/FP066.html
  Saved to: suma-teologica-latim/1-Prima-Pars/FP066.md
Crawling: https://isidore.co/aquinas/summa/FP/FP065.html
  Saved to: suma-teologica-latim/1-Prima-Pars/FP065.md
Crawling: https://isidore.co/aquinas/summa/FP/FP064.html
  Saved to: suma-teologica-latim/1-Prima-Pars/FP064.md
Crawling: https://isidore.co/aquinas/summa/FP/FP063.html
  Saved to: suma-teologica-latim/1-Prima-Pars/FP063.md
Crawling: https://isidore.co/aquinas/summa/FP/FP062.html
  Saved to: suma-teologica-latim/1-Prima-Pars/FP062.md
Crawling: https://isidore.co/aquinas/summa/FP/FP061.html
  Saved to: suma-teologica-latim/1-Prima-Pars/FP061.md
Crawling: https://isidore.co/aquinas/summa/FP/FP060.html
  Saved to: suma-teologica-latim/1-Prima-Pars/FP060.md
Crawling: https://isidore.co/aquinas/summa/FP/FP059.html
  Saved to: suma-teologica-latim/1-Prima-Pars/FP059.md
Crawling: https://isidore.co/aquinas/summa/FP/FP058.html
  Saved to: suma-teologica-latim/1-Prima-Pars/FP058.md
Crawling: https://isidore.co/aquinas/summa/FP/FP057.html
  Saved to: suma-teologica-latim/1-Prima-Pars/FP057.md
Crawling: https://isidore.co/aquinas/summa/FP/FP056.html
  Saved to: suma-teologica-latim/1-Prima-Pars/FP056.md
Crawling: https://isidore.co/aquinas/summa/FP/FP055.html
  Saved to: suma-teologica-latim/1-Prima-Pars/FP055.md
Crawling: https://isidore.co/aquinas/summa/FP/FP054.html
  Saved to: suma-teologica-latim/1-Prima-Pars/FP054.md
Crawling: https://isidore.co/aquinas/summa/FP/FP053.html
  Saved to: suma-teologica-latim/1-Prima-Pars/FP053.md
Crawling: https://isidore.co/aquinas/summa/FP/FP052.html
  Saved to: suma-teologica-latim/1-Prima-Pars/FP052.md
Crawling: https://isidore.co/aquinas/summa/FP/FP051.html
  Saved to: suma-teologica-latim/1-Prima-Pars/FP051.md
Crawling: https://isidore.co/aquinas/summa/FP/FP050.html
  Saved to: suma-teologica-latim/1-Prima-Pars/FP050.md
Crawling: https://isidore.co/aquinas/summa/FP/FP049.html
  Saved to: suma-teologica-latim/1-Prima-Pars/FP049.md
Crawling: https://isidore.co/aquinas/summa/FP/FP048.html
  Saved to: suma-teologica-latim/1-Prima-Pars/FP048.md
Crawling: https://isidore.co/aquinas/summa/FP/FP047.html
  Saved to: suma-teologica-latim/1-Prima-Pars/FP047.md
Crawling: https://isidore.co/aquinas/summa/FP/FP046.html
  Saved to: suma-teologica-latim/1-Prima-Pars/FP046.md
Crawling: https://isidore.co/aquinas/summa/FP/FP045.html
  Saved to: suma-teologica-latim/1-Prima-Pars/FP045.md
Crawling: https://isidore.co/aquinas/summa/FP/FP044.html
  Saved to: suma-teologica-latim/1-Prima-Pars/FP044.md
Crawling: https://isidore.co/aquinas/summa/FP/FP043.html
  Saved to: suma-teologica-latim/1-Prima-Pars/FP043.md
Crawling: https://isidore.co/aquinas/summa/FP/FP042.html
  Saved to: suma-teologica-latim/1-Prima-Pars/FP042.md
Crawling: https://isidore.co/aquinas/summa/FP/FP041.html
  Saved to: suma-teologica-latim/1-Prima-Pars/FP041.md
Crawling: https://isidore.co/aquinas/summa/FP/FP040.html
  Saved to: suma-teologica-latim/1-Prima-Pars/FP040.md
Crawling: https://isidore.co/aquinas/summa/FP/FP039.html
  Saved to: suma-teologica-latim/1-Prima-Pars/FP039.md
Crawling: https://isidore.co/aquinas/summa/FP/FP038.html
  Saved to: suma-teologica-latim/1-Prima-Pars/FP038.md
Crawling: https://isidore.co/aquinas/summa/FP/FP037.html
  Saved to: suma-teologica-latim/1-Prima-Pars/FP037.md
Crawling: https://isidore.co/aquinas/summa/FP/FP036.html
  Saved to: suma-teologica-latim/1-Prima-Pars/FP036.md
Crawling: https://isidore.co/aquinas/summa/FP/FP035.html
  Saved to: suma-teologica-latim/1-Prima-Pars/FP035.md
Crawling: https://isidore.co/aquinas/summa/FP/FP034.html
  Saved to: suma-teologica-latim/1-Prima-Pars/FP034.md
Crawling: https://isidore.co/aquinas/summa/FP/FP033.html
  Saved to: suma-teologica-latim/1-Prima-Pars/FP033.md
Crawling: https://isidore.co/aquinas/summa/FP/FP032.html
  Saved to: suma-teologica-latim/1-Prima-Pars/FP032.md
Crawling: https://isidore.co/aquinas/summa/FP/FP031.html
  Saved to: suma-teologica-latim/1-Prima-Pars/FP031.md
Crawling: https://isidore.co/aquinas/summa/FP/FP030.html
  Saved to: suma-teologica-latim/1-Prima-Pars/FP030.md
Crawling: https://isidore.co/aquinas/summa/FP/FP029.html
  Saved to: suma-teologica-latim/1-Prima-Pars/FP029.md
Crawling: https://isidore.co/aquinas/summa/FP/FP028.html
  Saved to: suma-teologica-latim/1-Prima-Pars/FP028.md
Crawling: https://isidore.co/aquinas/summa/FP/FP027.html
  Saved to: suma-teologica-latim/1-Prima-Pars/FP027.md
Crawling: https://isidore.co/aquinas/summa/FP/FP026.html
  Saved to: suma-teologica-latim/1-Prima-Pars/FP026.md
Crawling: https://isidore.co/aquinas/summa/FP/FP025.html
  Saved to: suma-teologica-latim/1-Prima-Pars/FP025.md
Crawling: https://isidore.co/aquinas/summa/FP/FP024.html
  Saved to: suma-teologica-latim/1-Prima-Pars/FP024.md
Crawling: https://isidore.co/aquinas/summa/FP/FP023.html
  Saved to: suma-teologica-latim/1-Prima-Pars/FP023.md
Crawling: https://isidore.co/aquinas/summa/FP/FP022.html
  Saved to: suma-teologica-latim/1-Prima-Pars/FP022.md
Crawling: https://isidore.co/aquinas/summa/FP/FP021.html
  Saved to: suma-teologica-latim/1-Prima-Pars/FP021.md
Crawling: https://isidore.co/aquinas/summa/FP/FP020.html
  Saved to: suma-teologica-latim/1-Prima-Pars/FP020.md
Crawling: https://isidore.co/aquinas/summa/FP/FP019.html
  Saved to: suma-teologica-latim/1-Prima-Pars/FP019.md
Crawling: https://isidore.co/aquinas/summa/FP/FP018.html
  Saved to: suma-teologica-latim/1-Prima-Pars/FP018.md
Crawling: https://isidore.co/aquinas/summa/FP/FP017.html
  Saved to: suma-teologica-latim/1-Prima-Pars/FP017.md
Crawling: https://isidore.co/aquinas/summa/FP/FP016.html
  Saved to: suma-teologica-latim/1-Prima-Pars/FP016.md
Crawling: https://isidore.co/aquinas/summa/FP/FP015.html
  Saved to: suma-teologica-latim/1-Prima-Pars/FP015.md
Crawling: https://isidore.co/aquinas/summa/FP/FP014.html
  Saved to: suma-teologica-latim/1-Prima-Pars/FP014.md
Crawling: https://isidore.co/aquinas/summa/FP/FP013.html
  Saved to: suma-teologica-latim/1-Prima-Pars/FP013.md
Crawling: https://isidore.co/aquinas/summa/FP/FP012.html
Error fetching https://isidore.co/aquinas/summa/FP/FP012.html: Return code 16
Crawling: https://isidore.co/aquinas/summa/FP/FP004.html
  Saved to: suma-teologica-latim/1-Prima-Pars/FP004.md
Crawling: https://isidore.co/aquinas/summa/FP/FP003.html
Error fetching https://isidore.co/aquinas/summa/FP/FP003.html: Return code 16
Crawling: https://isidore.co/aquinas/summa/FP/FP005.html
  Saved to: suma-teologica-latim/1-Prima-Pars/FP005.md
Crawling: https://isidore.co/aquinas/summa/FP/FP006.html
  Saved to: suma-teologica-latim/1-Prima-Pars/FP006.md
Crawling: https://isidore.co/aquinas/summa/FP/FP007.html
  Saved to: suma-teologica-latim/1-Prima-Pars/FP007.md
Crawling: https://isidore.co/aquinas/summa/FP/FP008.html
  Saved to: suma-teologica-latim/1-Prima-Pars/FP008.md
Crawling: https://isidore.co/aquinas/summa/FP/FP009.html
Error fetching https://isidore.co/aquinas/summa/FP/FP009.html: Return code 16
Crawling: https://isidore.co/aquinas/summa/FP/FP084.html
  Saved to: suma-teologica-latim/1-Prima-Pars/FP084.md
Crawling: https://isidore.co/aquinas/summa/FP/FP083.html
  Saved to: suma-teologica-latim/1-Prima-Pars/FP083.md
Crawling: https://isidore.co/aquinas/summa/FS/FS085.html
  Saved to: suma-teologica-latim/2-Prima-Secundae/FS085.md
Crawling: https://isidore.co/aquinas/summa/FS/FS086.html
  Saved to: suma-teologica-latim/2-Prima-Secundae/FS086.md
Crawling: https://isidore.co/aquinas/summa/FS/FS087.html
  Saved to: suma-teologica-latim/2-Prima-Secundae/FS087.md
Crawling: https://isidore.co/aquinas/summa/FS/FS088.html
Error fetching https://isidore.co/aquinas/summa/FS/FS088.html: Return code 16
Crawling: https://isidore.co/aquinas/summa/FS/FS050.html
  Saved to: suma-teologica-latim/2-Prima-Secundae/FS050.md
Crawling: https://isidore.co/aquinas/summa/FS/FS051.html
  Saved to: suma-teologica-latim/2-Prima-Secundae/FS051.md
Crawling: https://isidore.co/aquinas/summa/FS/FS052.html
  Saved to: suma-teologica-latim/2-Prima-Secundae/FS052.md
Crawling: https://isidore.co/aquinas/summa/FP/FP109.html
  Saved to: suma-teologica-latim/1-Prima-Pars/FP109.md
Crawling: https://isidore.co/aquinas/summa/FP/FP108.html
  Saved to: suma-teologica-latim/1-Prima-Pars/FP108.md
Crawling: https://isidore.co/aquinas/summa/FP/FP107.html
  Saved to: suma-teologica-latim/1-Prima-Pars/FP107.md
Crawling: https://isidore.co/aquinas/summa/FP/FP106.html
Error fetching https://isidore.co/aquinas/summa/FP/FP106.html: Return code 16
Crawling: https://isidore.co/aquinas/summa/FP/FP110.html
  Saved to: suma-teologica-latim/1-Prima-Pars/FP110.md
Crawling: https://isidore.co/aquinas/summa/FP/FP111.html
  Saved to: suma-teologica-latim/1-Prima-Pars/FP111.md
Crawling: https://isidore.co/aquinas/summa/FP/FP112.html
  Saved to: suma-teologica-latim/1-Prima-Pars/FP112.md
Crawling: https://isidore.co/aquinas/summa/FP/FP113.html
  Saved to: suma-teologica-latim/1-Prima-Pars/FP113.md
Crawling: https://isidore.co/aquinas/summa/FP/FP114.html
  Saved to: suma-teologica-latim/1-Prima-Pars/FP114.md
Crawling: https://isidore.co/aquinas/summa/FP/FP115.html
  Saved to: suma-teologica-latim/1-Prima-Pars/FP115.md
Crawling: https://isidore.co/aquinas/summa/FP/FP116.html
  Saved to: suma-teologica-latim/1-Prima-Pars/FP116.md
Crawling: https://isidore.co/aquinas/summa/FP/FP117.html
  Saved to: suma-teologica-latim/1-Prima-Pars/FP117.md
Crawling: https://isidore.co/aquinas/summa/FP/FP118.html
  Saved to: suma-teologica-latim/1-Prima-Pars/FP118.md
Crawling: https://isidore.co/aquinas/summa/FP/FP119.html
  Saved to: suma-teologica-latim/1-Prima-Pars/FP119.md
Crawling: https://isidore.co/aquinas/summa/FP/FP105.html
  Saved to: suma-teologica-latim/1-Prima-Pars/FP105.md
Crawling: https://isidore.co/aquinas/summa/FP/FP104.html
  Saved to: suma-teologica-latim/1-Prima-Pars/FP104.md
Crawling: https://isidore.co/aquinas/summa/FP/FP103.html
  Saved to: suma-teologica-latim/1-Prima-Pars/FP103.md
Crawling: https://isidore.co/aquinas/summa/FP/FP102.html
  Saved to: suma-teologica-latim/1-Prima-Pars/FP102.md
Crawling: https://isidore.co/aquinas/summa/FP/FP101.html
  Saved to: suma-teologica-latim/1-Prima-Pars/FP101.md
Crawling: https://isidore.co/aquinas/summa/FP/FP100.html
  Saved to: suma-teologica-latim/1-Prima-Pars/FP100.md
Crawling: https://isidore.co/aquinas/summa/FP/FP099.html
  Saved to: suma-teologica-latim/1-Prima-Pars/FP099.md
Crawling: https://isidore.co/aquinas/summa/FP/FP098.html
  Saved to: suma-teologica-latim/1-Prima-Pars/FP098.md
Crawling: https://isidore.co/aquinas/summa/FP/FP097.html
  Saved to: suma-teologica-latim/1-Prima-Pars/FP097.md
Crawling: https://isidore.co/aquinas/summa/FP/FP096.html
  Saved to: suma-teologica-latim/1-Prima-Pars/FP096.md
Crawling: https://isidore.co/aquinas/summa/FP/FP095.html
  Saved to: suma-teologica-latim/1-Prima-Pars/FP095.md
Crawling: https://isidore.co/aquinas/summa/FP/FP094.html
  Saved to: suma-teologica-latim/1-Prima-Pars/FP094.md
Crawling: https://isidore.co/aquinas/summa/FP/FP093.html
  Saved to: suma-teologica-latim/1-Prima-Pars/FP093.md
Crawling: https://isidore.co/aquinas/summa/FP/FP092.html
  Saved to: suma-teologica-latim/1-Prima-Pars/FP092.md
Crawling: https://isidore.co/aquinas/summa/FP/FP091.html
  Saved to: suma-teologica-latim/1-Prima-Pars/FP091.md
Crawling: https://isidore.co/aquinas/summa/FP/FP090.html
Error fetching https://isidore.co/aquinas/summa/FP/FP090.html: Return code 16
Crawling: https://isidore.co/aquinas/summa/FP/FP089.html
  Saved to: suma-teologica-latim/1-Prima-Pars/FP089.md
Crawling: https://isidore.co/aquinas/summa/FP/FP088.html
  Saved to: suma-teologica-latim/1-Prima-Pars/FP088.md
Crawling: https://isidore.co/aquinas/summa/FP/FP087.html
  Saved to: suma-teologica-latim/1-Prima-Pars/FP087.md
Crawling: https://isidore.co/aquinas/summa/FP/FP086.html
  Saved to: suma-teologica-latim/1-Prima-Pars/FP086.md
Crawling: https://isidore.co/aquinas/summa/FP/FP085.html
  Saved to: suma-teologica-latim/1-Prima-Pars/FP085.md
Crawling: https://isidore.co/aquinas/summa/TP.html
Error fetching https://isidore.co/aquinas/summa/TP.html: Return code 16
Crawling: https://isidore.co/aquinas/summa/TP/TP014.html
  Saved to: suma-teologica-latim/4-Tertia-Pars/TP014.md
Crawling: https://isidore.co/aquinas/summa/TP/TP013.html
  Saved to: suma-teologica-latim/4-Tertia-Pars/TP013.md
Crawling: https://isidore.co/aquinas/summa/TP/TP012.html
  Saved to: suma-teologica-latim/4-Tertia-Pars/TP012.md
Crawling: https://isidore.co/aquinas/summa/TP/TP011.html
  Saved to: suma-teologica-latim/4-Tertia-Pars/TP011.md
Crawling: https://isidore.co/aquinas/summa/TP/TP010.html
  Saved to: suma-teologica-latim/4-Tertia-Pars/TP010.md
Crawling: https://isidore.co/aquinas/summa/TP/TP009.html
  Saved to: suma-teologica-latim/4-Tertia-Pars/TP009.md
Crawling: https://isidore.co/aquinas/summa/TP/TP008.html
  Saved to: suma-teologica-latim/4-Tertia-Pars/TP008.md
Crawling: https://isidore.co/aquinas/summa/TP/TP007.html
  Saved to: suma-teologica-latim/4-Tertia-Pars/TP007.md
Crawling: https://isidore.co/aquinas/summa/TP/TP006.html
  Saved to: suma-teologica-latim/4-Tertia-Pars/TP006.md
Crawling: https://isidore.co/aquinas/summa/TP/TP005.html
  Saved to: suma-teologica-latim/4-Tertia-Pars/TP005.md
Crawling: https://isidore.co/aquinas/summa/TP/TP004.html
  Saved to: suma-teologica-latim/4-Tertia-Pars/TP004.md
Crawling: https://isidore.co/aquinas/summa/TP/TP003.html
  Saved to: suma-teologica-latim/4-Tertia-Pars/TP003.md
Crawling: https://isidore.co/aquinas/summa/TP/TP002.html
  Saved to: suma-teologica-latim/4-Tertia-Pars/TP002.md
Crawling: https://isidore.co/aquinas/summa/TP/TP050.html
  Saved to: suma-teologica-latim/4-Tertia-Pars/TP050.md
Crawling: https://isidore.co/aquinas/summa/TP/TP049.html
  Saved to: suma-teologica-latim/4-Tertia-Pars/TP049.md
Crawling: https://isidore.co/aquinas/summa/TP/TP048.html
  Saved to: suma-teologica-latim/4-Tertia-Pars/TP048.md
Crawling: https://isidore.co/aquinas/summa/TP/TP047.html
  Saved to: suma-teologica-latim/4-Tertia-Pars/TP047.md
Crawling: https://isidore.co/aquinas/summa/TP/TP046.html
  Saved to: suma-teologica-latim/4-Tertia-Pars/TP046.md
Crawling: https://isidore.co/aquinas/summa/TP/TP045.html
  Saved to: suma-teologica-latim/4-Tertia-Pars/TP045.md
Crawling: https://isidore.co/aquinas/summa/TP/TP044.html
  Saved to: suma-teologica-latim/4-Tertia-Pars/TP044.md
Crawling: https://isidore.co/aquinas/summa/TP/TP043.html
  Saved to: suma-teologica-latim/4-Tertia-Pars/TP043.md
Crawling: https://isidore.co/aquinas/summa/TP/TP042.html
  Saved to: suma-teologica-latim/4-Tertia-Pars/TP042.md
Crawling: https://isidore.co/aquinas/summa/TP/TP041.html
  Saved to: suma-teologica-latim/4-Tertia-Pars/TP041.md
Crawling: https://isidore.co/aquinas/summa/TP/TP040.html
  Saved to: suma-teologica-latim/4-Tertia-Pars/TP040.md
Crawling: https://isidore.co/aquinas/summa/TP/TP039.html
  Saved to: suma-teologica-latim/4-Tertia-Pars/TP039.md
Crawling: https://isidore.co/aquinas/summa/TP/TP038.html
  Saved to: suma-teologica-latim/4-Tertia-Pars/TP038.md
Crawling: https://isidore.co/aquinas/summa/TP/TP037.html
  Saved to: suma-teologica-latim/4-Tertia-Pars/TP037.md
Crawling: https://isidore.co/aquinas/summa/TP/TP036.html
Error fetching https://isidore.co/aquinas/summa/TP/TP036.html: Return code 16
Crawling: https://isidore.co/aquinas/summa/TP/TP015.html
  Saved to: suma-teologica-latim/4-Tertia-Pars/TP015.md
Crawling: https://isidore.co/aquinas/summa/TP/TP016.html
  Saved to: suma-teologica-latim/4-Tertia-Pars/TP016.md
Crawling: https://isidore.co/aquinas/summa/TP/TP017.html
  Saved to: suma-teologica-latim/4-Tertia-Pars/TP017.md
Crawling: https://isidore.co/aquinas/summa/TP/TP018.html
  Saved to: suma-teologica-latim/4-Tertia-Pars/TP018.md
Crawling: https://isidore.co/aquinas/summa/TP/TP019.html
  Saved to: suma-teologica-latim/4-Tertia-Pars/TP019.md
Crawling: https://isidore.co/aquinas/summa/TP/TP020.html
  Saved to: suma-teologica-latim/4-Tertia-Pars/TP020.md
Crawling: https://isidore.co/aquinas/summa/TP/TP021.html
  Saved to: suma-teologica-latim/4-Tertia-Pars/TP021.md
Crawling: https://isidore.co/aquinas/summa/TP/TP022.html
  Saved to: suma-teologica-latim/4-Tertia-Pars/TP022.md
Crawling: https://isidore.co/aquinas/summa/TP/TP023.html
  Saved to: suma-teologica-latim/4-Tertia-Pars/TP023.md
Crawling: https://isidore.co/aquinas/summa/TP/TP024.html
  Saved to: suma-teologica-latim/4-Tertia-Pars/TP024.md
Crawling: https://isidore.co/aquinas/summa/TP/TP025.html
  Saved to: suma-teologica-latim/4-Tertia-Pars/TP025.md
Crawling: https://isidore.co/aquinas/summa/TP/TP026.html
  Saved to: suma-teologica-latim/4-Tertia-Pars/TP026.md
Crawling: https://isidore.co/aquinas/summa/TP/TP027.html
  Saved to: suma-teologica-latim/4-Tertia-Pars/TP027.md
Crawling: https://isidore.co/aquinas/summa/TP/TP028.html
  Saved to: suma-teologica-latim/4-Tertia-Pars/TP028.md
Crawling: https://isidore.co/aquinas/summa/TP/TP029.html
  Saved to: suma-teologica-latim/4-Tertia-Pars/TP029.md
Crawling: https://isidore.co/aquinas/summa/TP/TP030.html
  Saved to: suma-teologica-latim/4-Tertia-Pars/TP030.md
Crawling: https://isidore.co/aquinas/summa/TP/TP031.html
  Saved to: suma-teologica-latim/4-Tertia-Pars/TP031.md
Crawling: https://isidore.co/aquinas/summa/TP/TP032.html
  Saved to: suma-teologica-latim/4-Tertia-Pars/TP032.md
Crawling: https://isidore.co/aquinas/summa/TP/TP033.html
  Saved to: suma-teologica-latim/4-Tertia-Pars/TP033.md
Crawling: https://isidore.co/aquinas/summa/TP/TP034.html
  Saved to: suma-teologica-latim/4-Tertia-Pars/TP034.md
Crawling: https://isidore.co/aquinas/summa/TP/TP035.html
  Saved to: suma-teologica-latim/4-Tertia-Pars/TP035.md
Crawling: https://isidore.co/aquinas/summa/XP/XP082.html
Crawling: https://isidore.co/aquinas/summa/XP/XP081.html
Crawling: https://isidore.co/aquinas/summa/XP/XP080.html
Crawling: https://isidore.co/aquinas/summa/XP/XP079.html
Crawling: https://isidore.co/aquinas/summa/XP/XP078.html
Crawling: https://isidore.co/aquinas/summa/XP/XP077.html
Crawling: https://isidore.co/aquinas/summa/XP/XP076.html
Crawling: https://isidore.co/aquinas/summa/XP/XP075.html
Crawling: https://isidore.co/aquinas/summa/XP/XP074.html
Crawling: https://isidore.co/aquinas/summa/XP/XP073.html
Crawling: https://isidore.co/aquinas/summa/XP/XP072.html
Crawling: https://isidore.co/aquinas/summa/XP/XP071.html
Crawling: https://isidore.co/aquinas/summa/XP/XP070.html
Crawling: https://isidore.co/aquinas/summa/XP/XP069.html
Crawling: https://isidore.co/aquinas/summa/XP/XP068.html
Crawling: https://isidore.co/aquinas/summa/XP/XP067.html
Crawling: https://isidore.co/aquinas/summa/XP/XP066.html
Crawling: https://isidore.co/aquinas/summa/XP/XP065.html
Crawling: https://isidore.co/aquinas/summa/XP/XP064.html
Crawling: https://isidore.co/aquinas/summa/XP/XP063.html
Crawling: https://isidore.co/aquinas/summa/XP/XP062.html
Crawling: https://isidore.co/aquinas/summa/XP/XP061.html
Crawling: https://isidore.co/aquinas/summa/XP/XP060.html
Crawling: https://isidore.co/aquinas/summa/XP/XP059.html
Crawling: https://isidore.co/aquinas/summa/XP/XP058.html
Crawling: https://isidore.co/aquinas/summa/XP/XP057.html
Crawling: https://isidore.co/aquinas/summa/XP/XP056.html
Crawling: https://isidore.co/aquinas/summa/XP/XP055.html
Crawling: https://isidore.co/aquinas/summa/XP/XP054.html
Crawling: https://isidore.co/aquinas/summa/XP/XP053.html
Crawling: https://isidore.co/aquinas/summa/XP/XP052.html
Crawling: https://isidore.co/aquinas/summa/XP/XP051.html
Crawling: https://isidore.co/aquinas/summa/XP/XP050.html
Crawling: https://isidore.co/aquinas/summa/XP/XP049.html
Crawling: https://isidore.co/aquinas/summa/XP/XP048.html
Crawling: https://isidore.co/aquinas/summa/XP/XP047.html
Crawling: https://isidore.co/aquinas/summa/XP/XP046.html
Crawling: https://isidore.co/aquinas/summa/XP/XP045.html
Crawling: https://isidore.co/aquinas/summa/XP/XP044.html
Crawling: https://isidore.co/aquinas/summa/XP/XP043.html
Crawling: https://isidore.co/aquinas/summa/XP/XP042.html
Crawling: https://isidore.co/aquinas/summa/XP/XP041.html
Crawling: https://isidore.co/aquinas/summa/XP/XP040.html
Crawling: https://isidore.co/aquinas/summa/XP/XP039.html
Crawling: https://isidore.co/aquinas/summa/XP/XP038.html
Crawling: https://isidore.co/aquinas/summa/XP/XP037.html
Crawling: https://isidore.co/aquinas/summa/XP/XP036.html
Crawling: https://isidore.co/aquinas/summa/XP/XP035.html
Crawling: https://isidore.co/aquinas/summa/XP/XP034.html
Crawling: https://isidore.co/aquinas/summa/XP/XP033.html
Crawling: https://isidore.co/aquinas/summa/XP/XP032.html
Crawling: https://isidore.co/aquinas/summa/XP/XP031.html
Crawling: https://isidore.co/aquinas/summa/XP/XP030.html
Crawling: https://isidore.co/aquinas/summa/XP/XP029.html
Crawling: https://isidore.co/aquinas/summa/XP/XP028.html
Crawling: https://isidore.co/aquinas/summa/XP/XP027.html
Crawling: https://isidore.co/aquinas/summa/XP/XP026.html
Crawling: https://isidore.co/aquinas/summa/XP/XP025.html
Crawling: https://isidore.co/aquinas/summa/XP/XP024.html
Crawling: https://isidore.co/aquinas/summa/XP/XP023.html
Crawling: https://isidore.co/aquinas/summa/XP/XP022.html
Crawling: https://isidore.co/aquinas/summa/XP/XP021.html
Crawling: https://isidore.co/aquinas/summa/XP/XP020.html
Crawling: https://isidore.co/aquinas/summa/XP/XP019.html
Crawling: https://isidore.co/aquinas/summa/XP/XP018.html
Crawling: https://isidore.co/aquinas/summa/XP/XP017.html
Crawling: https://isidore.co/aquinas/summa/XP/XP016.html
Crawling: https://isidore.co/aquinas/summa/XP/XP015.html
Crawling: https://isidore.co/aquinas/summa/XP/XP014.html
Crawling: https://isidore.co/aquinas/summa/XP/XP013.html
Crawling: https://isidore.co/aquinas/summa/XP/XP012.html
Crawling: https://isidore.co/aquinas/summa/XP/XP011.html
Crawling: https://isidore.co/aquinas/summa/XP/XP010.html
Crawling: https://isidore.co/aquinas/summa/XP/XP009.html
Crawling: https://isidore.co/aquinas/summa/XP/XP008.html
Crawling: https://isidore.co/aquinas/summa/XP/XP007.html
Crawling: https://isidore.co/aquinas/summa/XP/XP006.html
Crawling: https://isidore.co/aquinas/summa/XP/XP005.html
Crawling: https://isidore.co/aquinas/summa/XP/XP004.html
Crawling: https://isidore.co/aquinas/summa/TP/TP062.html
  Saved to: suma-teologica-latim/4-Tertia-Pars/TP062.md
Crawling: https://isidore.co/aquinas/summa/TP/TP061.html
  Saved to: suma-teologica-latim/4-Tertia-Pars/TP061.md
Crawling: https://isidore.co/aquinas/summa/TP/TP060.html
  Saved to: suma-teologica-latim/4-Tertia-Pars/TP060.md
Crawling: https://isidore.co/aquinas/summa/TP/TP059.html
  Saved to: suma-teologica-latim/4-Tertia-Pars/TP059.md
Crawling: https://isidore.co/aquinas/summa/TP/TP058.html
  Saved to: suma-teologica-latim/4-Tertia-Pars/TP058.md
Crawling: https://isidore.co/aquinas/summa/TP/TP057.html
  Saved to: suma-teologica-latim/4-Tertia-Pars/TP057.md
Crawling: https://isidore.co/aquinas/summa/TP/TP056.html
  Saved to: suma-teologica-latim/4-Tertia-Pars/TP056.md
Crawling: https://isidore.co/aquinas/summa/TP/TP055.html
  Saved to: suma-teologica-latim/4-Tertia-Pars/TP055.md
Crawling: https://isidore.co/aquinas/summa/TP/TP054.html
  Saved to: suma-teologica-latim/4-Tertia-Pars/TP054.md
Crawling: https://isidore.co/aquinas/summa/TP/TP053.html
  Saved to: suma-teologica-latim/4-Tertia-Pars/TP053.md
Crawling: https://isidore.co/aquinas/summa/TP/TP052.html
Error fetching https://isidore.co/aquinas/summa/TP/TP052.html: Return code 56
Crawling: https://isidore.co/aquinas/summa/TP/TP051.html
  Saved to: suma-teologica-latim/4-Tertia-Pars/TP051.md
Crawling: https://isidore.co/aquinas/summa/SS/SS002.html
  Saved to: suma-teologica-latim/3-Secunda-Secundae/SS002.md
Crawling: https://isidore.co/aquinas/summa/SS/SS003.html
  Saved to: suma-teologica-latim/3-Secunda-Secundae/SS003.md
Crawling: https://isidore.co/aquinas/summa/SS/SS004.html
  Saved to: suma-teologica-latim/3-Secunda-Secundae/SS004.md
Crawling: https://isidore.co/aquinas/summa/SS/SS005.html
  Saved to: suma-teologica-latim/3-Secunda-Secundae/SS005.md
Crawling: https://isidore.co/aquinas/summa/SS/SS006.html
Crawling: https://isidore.co/aquinas/summa/SS/SS007.html
Error fetching https://isidore.co/aquinas/summa/SS/SS007.html: Return code 16
Crawling: https://isidore.co/aquinas/summa/FS/FS015.html
  Saved to: suma-teologica-latim/2-Prima-Secundae/FS015.md
Crawling: https://isidore.co/aquinas/summa/FS/FS014.html
  Saved to: suma-teologica-latim/2-Prima-Secundae/FS014.md
Crawling: https://isidore.co/aquinas/summa/XP/XP083.html
Crawling: https://isidore.co/aquinas/summa/XP/XP084.html
Crawling: https://isidore.co/aquinas/summa/XP/XP085.html
Crawling: https://isidore.co/aquinas/summa/XP/XP086.html
Crawling: https://isidore.co/aquinas/summa/XP/XP087.html
Crawling: https://isidore.co/aquinas/summa/XP/XP088.html
Crawling: https://isidore.co/aquinas/summa/XP/XP089.html
Error fetching https://isidore.co/aquinas/summa/XP/XP089.html: Return code 56
Crawling: https://isidore.co/aquinas/summa/TP/TP077.html
  Saved to: suma-teologica-latim/4-Tertia-Pars/TP077.md
Crawling: https://isidore.co/aquinas/summa/TP/TP076.html
  Saved to: suma-teologica-latim/4-Tertia-Pars/TP076.md
Crawling: https://isidore.co/aquinas/summa/TP/TP075.html
  Saved to: suma-teologica-latim/4-Tertia-Pars/TP075.md
Crawling: https://isidore.co/aquinas/summa/TP/TP074.html
  Saved to: suma-teologica-latim/4-Tertia-Pars/TP074.md
Crawling: https://isidore.co/aquinas/summa/TP/TP073.html
  Saved to: suma-teologica-latim/4-Tertia-Pars/TP073.md
Crawling: https://isidore.co/aquinas/summa/TP/TP072.html
  Saved to: suma-teologica-latim/4-Tertia-Pars/TP072.md
Crawling: https://isidore.co/aquinas/summa/TP/TP071.html
  Saved to: suma-teologica-latim/4-Tertia-Pars/TP071.md
Crawling: https://isidore.co/aquinas/summa/TP/TP070.html
  Saved to: suma-teologica-latim/4-Tertia-Pars/TP070.md
Crawling: https://isidore.co/aquinas/summa/TP/TP069.html
  Saved to: suma-teologica-latim/4-Tertia-Pars/TP069.md
Crawling: https://isidore.co/aquinas/summa/TP/TP068.html
  Saved to: suma-teologica-latim/4-Tertia-Pars/TP068.md
Crawling: https://isidore.co/aquinas/summa/TP/TP067.html
  Saved to: suma-teologica-latim/4-Tertia-Pars/TP067.md
Crawling: https://isidore.co/aquinas/summa/TP/TP066.html
  Saved to: suma-teologica-latim/4-Tertia-Pars/TP066.md
Crawling: https://isidore.co/aquinas/summa/TP/TP065.html
  Saved to: suma-teologica-latim/4-Tertia-Pars/TP065.md
Crawling: https://isidore.co/aquinas/summa/TP/TP064.html
  Saved to: suma-teologica-latim/4-Tertia-Pars/TP064.md
Crawling: https://isidore.co/aquinas/summa/TP/TP063.html
  Saved to: suma-teologica-latim/4-Tertia-Pars/TP063.md
Crawling: https://isidore.co/aquinas/summa/TP/TP078.html
  Saved to: suma-teologica-latim/4-Tertia-Pars/TP078.md
Crawling: https://isidore.co/aquinas/summa/TP/TP079.html
Error fetching https://isidore.co/aquinas/summa/TP/TP079.html: Return code 56
Crawling: https://isidore.co/aquinas/summa/TP/TP085.html
  Saved to: suma-teologica-latim/4-Tertia-Pars/TP085.md
Crawling: https://isidore.co/aquinas/summa/TP/TP084.html
  Saved to: suma-teologica-latim/4-Tertia-Pars/TP084.md
Crawling: https://isidore.co/aquinas/summa/TP/TP083.html
  Saved to: suma-teologica-latim/4-Tertia-Pars/TP083.md
Crawling: https://isidore.co/aquinas/summa/TP/TP082.html
  Saved to: suma-teologica-latim/4-Tertia-Pars/TP082.md
Crawling: https://isidore.co/aquinas/summa/TP/TP081.html
  Saved to: suma-teologica-latim/4-Tertia-Pars/TP081.md
Crawling: https://isidore.co/aquinas/summa/TP/TP080.html
  Saved to: suma-teologica-latim/4-Tertia-Pars/TP080.md
Crawling: https://isidore.co/aquinas/summa/TP/TP000.html
Crawling: https://isidore.co/aquinas/summa/TP/TP090.html
  Saved to: suma-teologica-latim/4-Tertia-Pars/TP090.md
Crawling: https://isidore.co/aquinas/summa/TP/TP089.html
  Saved to: suma-teologica-latim/4-Tertia-Pars/TP089.md
Crawling: https://isidore.co/aquinas/summa/TP/TP088.html
  Saved to: suma-teologica-latim/4-Tertia-Pars/TP088.md
Crawling: https://isidore.co/aquinas/summa/TP/TP087.html
  Saved to: suma-teologica-latim/4-Tertia-Pars/TP087.md
Crawling: https://isidore.co/aquinas/summa/TP/TP086.html
  Saved to: suma-teologica-latim/4-Tertia-Pars/TP086.md
Crawling: https://isidore.co/aquinas/summa/TP/TP113.html
Crawling: https://isidore.co/aquinas/summa/TP/TP109.html
Crawling: https://isidore.co/aquinas/summa/XP/XP119.html
Crawling: https://isidore.co/aquinas/summa/XP/XP000.html
Crawling: https://isidore.co/aquinas/summa/XP/XP090.html
Crawling: https://isidore.co/aquinas/summa/XP/XP091.html
Error fetching https://isidore.co/aquinas/summa/XP/XP091.html: Return code 16
Crawling: https://isidore.co/aquinas/summa/FS/FS042.html
  Saved to: suma-teologica-latim/2-Prima-Secundae/FS042.md
Crawling: https://isidore.co/aquinas/summa/FP/FP002.html
  Saved to: suma-teologica-latim/1-Prima-Pars/FP002.md
Crawling: https://isidore.co/aquinas/summa/FP/FP141.html
Crawling: https://isidore.co/aquinas/summa/SS/SS145.html
  Saved to: suma-teologica-latim/3-Secunda-Secundae/SS145.md
Crawling: https://isidore.co/aquinas/summa/SS/SS144.html
  Saved to: suma-teologica-latim/3-Secunda-Secundae/SS144.md
Crawling: https://isidore.co/aquinas/summa/SS/SS143.html
  Saved to: suma-teologica-latim/3-Secunda-Secundae/SS143.md
Crawling: https://isidore.co/aquinas/summa/SS/SS142.html
  Saved to: suma-teologica-latim/3-Secunda-Secundae/SS142.md
Crawling: https://isidore.co/aquinas/summa/SS/SS141.html
Error fetching https://isidore.co/aquinas/summa/SS/SS141.html: Return code 16
Crawling: https://isidore.co/aquinas/summa/SS/SS000.html
Crawling: https://isidore.co/aquinas/summa/SS/SS010.html
  Saved to: suma-teologica-latim/3-Secunda-Secundae/SS010.md
Crawling: https://isidore.co/aquinas/summa/SS/SS009.html
Crawling: https://isidore.co/aquinas/summa/SS/SS008.html
Crawling: https://isidore.co/aquinas/summa/SS/SS011.html
Crawling: https://isidore.co/aquinas/summa/SS/SS165.html
  Saved to: suma-teologica-latim/3-Secunda-Secundae/SS165.md
Crawling: https://isidore.co/aquinas/summa/SS/SS164.html
  Saved to: suma-teologica-latim/3-Secunda-Secundae/SS164.md
Crawling: https://isidore.co/aquinas/summa/SS/SS163.html
  Saved to: suma-teologica-latim/3-Secunda-Secundae/SS163.md
Crawling: https://isidore.co/aquinas/summa/SS/SS166.html
  Saved to: suma-teologica-latim/3-Secunda-Secundae/SS166.md
Crawling: https://isidore.co/aquinas/summa/SS/SS167.html
Error fetching https://isidore.co/aquinas/summa/SS/SS167.html: Return code 16
Crawling: https://isidore.co/aquinas/summa/SS/SS146.html
  Saved to: suma-teologica-latim/3-Secunda-Secundae/SS146.md
Crawling: https://isidore.co/aquinas/summa/SS/SS136.html
  Saved to: suma-teologica-latim/3-Secunda-Secundae/SS136.md
Crawling: https://isidore.co/aquinas/summa/SS/SS135.html
  Saved to: suma-teologica-latim/3-Secunda-Secundae/SS135.md
Crawling: https://isidore.co/aquinas/summa/SS/SS134.html
  Saved to: suma-teologica-latim/3-Secunda-Secundae/SS134.md
Crawling: https://isidore.co/aquinas/summa/SS/SS133.html
  Saved to: suma-teologica-latim/3-Secunda-Secundae/SS133.md
Crawling: https://isidore.co/aquinas/summa/SS/SS137.html
Error fetching https://isidore.co/aquinas/summa/SS/SS137.html: Return code 16
Crawling: https://isidore.co/aquinas/summa/FP/FP011.html
  Saved to: suma-teologica-latim/1-Prima-Pars/FP011.md
Crawling: https://isidore.co/aquinas/summa/FP/FP010.html
  Saved to: suma-teologica-latim/1-Prima-Pars/FP010.md
Crawling: https://isidore.co/aquinas/summa/XP/XP098.html
Crawling: https://isidore.co/aquinas/summa/XP/XP097.html
Crawling: https://isidore.co/aquinas/summa/XP/XP096.html
Crawling: https://isidore.co/aquinas/summa/XP/XP095.html
Crawling: https://isidore.co/aquinas/summa/XP/XP094.html
Crawling: https://isidore.co/aquinas/summa/XP/XP093.html
Crawling: https://isidore.co/aquinas/summa/XP/XP092.html
Crawling: https://isidore.co/aquinas/summa/XP/XP099.html
Crawling: https://isidore.co/aquinas/summa/FS/FS103.html
Error fetching https://isidore.co/aquinas/summa/FS/FS103.html: Return code 16
Crawling: https://isidore.co/aquinas/summa/FS/FS101.html
  Saved to: suma-teologica-latim/2-Prima-Secundae/FS101.md
Crawling: https://isidore.co/aquinas/summa/SS/SS184.html
  Saved to: suma-teologica-latim/3-Secunda-Secundae/SS184.md
Crawling: https://isidore.co/aquinas/summa/SS/SS183.html
  Saved to: suma-teologica-latim/3-Secunda-Secundae/SS183.md
Crawling: https://isidore.co/aquinas/summa/SS/SS182.html
Error fetching https://isidore.co/aquinas/summa/SS/SS182.html: Return code 16
Crawling: https://isidore.co/aquinas/summa/SS/SS179.html
  Saved to: suma-teologica-latim/3-Secunda-Secundae/SS179.md
Crawling: https://isidore.co/aquinas/summa/SS/SS178.html
  Saved to: suma-teologica-latim/3-Secunda-Secundae/SS178.md
Crawling: https://isidore.co/aquinas/summa/SS/SS177.html
  Saved to: suma-teologica-latim/3-Secunda-Secundae/SS177.md
Crawling: https://isidore.co/aquinas/summa/SS/SS176.html
  Saved to: suma-teologica-latim/3-Secunda-Secundae/SS176.md
Crawling: https://isidore.co/aquinas/summa/SS/SS175.html
  Saved to: suma-teologica-latim/3-Secunda-Secundae/SS175.md
Crawling: https://isidore.co/aquinas/summa/SS/SS174.html
  Saved to: suma-teologica-latim/3-Secunda-Secundae/SS174.md
Crawling: https://isidore.co/aquinas/summa/SS/SS173.html
  Saved to: suma-teologica-latim/3-Secunda-Secundae/SS173.md
Crawling: https://isidore.co/aquinas/summa/SS/SS172.html
  Saved to: suma-teologica-latim/3-Secunda-Secundae/SS172.md
Crawling: https://isidore.co/aquinas/summa/SS/SS171.html
  Saved to: suma-teologica-latim/3-Secunda-Secundae/SS171.md
Crawling: https://isidore.co/aquinas/summa/SS/SS170.html
  Saved to: suma-teologica-latim/3-Secunda-Secundae/SS170.md
Crawling: https://isidore.co/aquinas/summa/SS/SS169.html
  Saved to: suma-teologica-latim/3-Secunda-Secundae/SS169.md
Crawling: https://isidore.co/aquinas/summa/SS/SS168.html
  Saved to: suma-teologica-latim/3-Secunda-Secundae/SS168.md
Crawling: https://isidore.co/aquinas/summa/SS/SS180.html
  Saved to: suma-teologica-latim/3-Secunda-Secundae/SS180.md
Crawling: https://isidore.co/aquinas/summa/SS/SS181.html
  Saved to: suma-teologica-latim/3-Secunda-Secundae/SS181.md
Crawling: https://isidore.co/aquinas/summa/SS/SS185.html
  Saved to: suma-teologica-latim/3-Secunda-Secundae/SS185.md
Crawling: https://isidore.co/aquinas/summa/SS/SS186.html
Error fetching https://isidore.co/aquinas/summa/SS/SS186.html: Return code 16
Crawling: https://isidore.co/aquinas/summa/SS/SS061.html
  Saved to: suma-teologica-latim/3-Secunda-Secundae/SS061.md
Crawling: https://isidore.co/aquinas/summa/FS/FS000.html
Crawling: https://isidore.co/aquinas/summa/FS/FS036.html
  Saved to: suma-teologica-latim/2-Prima-Secundae/FS036.md
Crawling: https://isidore.co/aquinas/summa/FS/FS037.html
  Saved to: suma-teologica-latim/2-Prima-Secundae/FS037.md
Crawling: https://isidore.co/aquinas/summa/FS/FS102.html
Error fetching https://isidore.co/aquinas/summa/FS/FS102.html: Return code 56
Crawling: https://isidore.co/aquinas/summa/FP/FP000.html
Crawling: https://isidore.co/aquinas/summa/SS/SS189.html
  Saved to: suma-teologica-latim/3-Secunda-Secundae/SS189.md
Crawling: https://isidore.co/aquinas/summa/SS/SS188.html
  Saved to: suma-teologica-latim/3-Secunda-Secundae/SS188.md
Crawling: https://isidore.co/aquinas/summa/SS/SS187.html
  Saved to: suma-teologica-latim/3-Secunda-Secundae/SS187.md
Crawling: https://isidore.co/aquinas/summa/SS/SS138.html
  Saved to: suma-teologica-latim/3-Secunda-Secundae/SS138.md
Crawling: https://isidore.co/aquinas/summa/SS/SS139.html
  Saved to: suma-teologica-latim/3-Secunda-Secundae/SS139.md
Crawling: https://isidore.co/aquinas/summa/SS/SS140.html
  Saved to: suma-teologica-latim/3-Secunda-Secundae/SS140.md
Crawling: https://isidore.co/aquinas/summa/TP/TP-PROLOGUE.html
Error fetching https://isidore.co/aquinas/summa/TP/TP-PROLOGUE.html: Return code 16
Crawling: https://isidore.co/aquinas/summa/XP/XP-NOTE.html
Crawling: https://isidore.co/aquinas/summa/X1/X1OUT.html
